<?xml version="1.0" encoding="UTF-8"?>
<!-- Generated by org.testng.reporters.JUnitReportReporter -->
<testsuite skipped="0" hostname="DESKTOP-INT5H6A" name="webdriver1.Orangehrm" tests="1" failures="0" timestamp="2022-07-22T11:59:18 IST" time="12.074" errors="0">
  <testcase name="f" time="12.074" classname="webdriver1.Orangehrm"/>
  <system-out/>
</testsuite> <!-- webdriver1.Orangehrm -->
