<?xml version="1.0" encoding="UTF-8"?>
<!-- Generated by org.testng.reporters.JUnitReportReporter -->
<testsuite skipped="0" hostname="DESKTOP-INT5H6A" name="webdriver1.hrm" tests="1" failures="0" timestamp="2022-07-27T12:35:54 IST" time="19.683" errors="0">
  <testcase name="f" time="19.683" classname="webdriver1.hrm"/>
  <system-out/>
</testsuite> <!-- webdriver1.hrm -->
