<?xml version="1.0" encoding="UTF-8"?>
<!-- Generated by org.testng.reporters.JUnitReportReporter -->
<testsuite skipped="0" hostname="DESKTOP-INT5H6A" name="webdriver1.orangenewtest" tests="1" failures="0" timestamp="2022-07-25T16:51:29 IST" time="22.274" errors="0">
  <testcase name="f" time="22.274" classname="webdriver1.orangenewtest"/>
  <system-out/>
</testsuite> <!-- webdriver1.orangenewtest -->
