<?xml version="1.0" encoding="UTF-8"?>
<!-- Generated by org.testng.reporters.JUnitReportReporter -->
<testsuite skipped="0" hostname="DESKTOP-INT5H6A" name="webdriver1.Orangehrm" tests="1" failures="0" timestamp="2022-07-25T12:19:55 IST" time="23.817" errors="0">
  <testcase name="f" time="23.817" classname="webdriver1.Orangehrm"/>
  <system-out/>
</testsuite> <!-- webdriver1.Orangehrm -->
